<?xml version="1.0" encoding="UTF-8"?>
<robot generator="Robot 4.1.3 (Python 3.10.2 on win32)" generated="20220302 11:48:58.260" rpa="false" schemaversion="2">
<suite id="s1" name="Swiatksiazki" source="C:\development\robot-scripts\SwiatKsiazki\tests\swiatksiazki.robot">
<test id="s1-t1" name="Test 1">
<kw name="Begin Web Test" library="Common" type="SETUP">
<kw name="Open Browser" library="SeleniumLibrary">
<arg>about:blanck</arg>
<arg>${BROWSER}</arg>
<doc>Opens a new browser instance to the optional ``url``.</doc>
<msg timestamp="20220302 11:48:58.471" level="INFO">Opening browser 'chrome' to base url 'about:blanck'.</msg>
<status status="PASS" starttime="20220302 11:48:58.471" endtime="20220302 11:48:59.895"/>
</kw>
<kw name="Maximize Browser Window" library="SeleniumLibrary">
<doc>Maximizes current browser window.</doc>
<status status="PASS" starttime="20220302 11:48:59.896" endtime="20220302 11:49:00.031"/>
</kw>
<status status="PASS" starttime="20220302 11:48:58.471" endtime="20220302 11:49:00.031"/>
</kw>
<kw name="Search for the product" library="SK">
<kw name=" Load" library="TopNav">
<kw name="Go To" library="SeleniumLibrary">
<arg>${START_URL}</arg>
<doc>Navigates the current browser window to the provided ``url``.</doc>
<msg timestamp="20220302 11:49:00.036" level="INFO">Opening url 'https://www.swiatksiazki.pl/'</msg>
<status status="PASS" starttime="20220302 11:49:00.035" endtime="20220302 11:49:02.580"/>
</kw>
<status status="PASS" starttime="20220302 11:49:00.035" endtime="20220302 11:49:02.581"/>
</kw>
<kw name=" Search the Product" library="TopNav">
<kw name="Input Text" library="SeleniumLibrary">
<arg>xpath=//*[@id="search"]</arg>
<arg>${SEARCH_TERM}</arg>
<doc>Types the given ``text`` into the text field identified by ``locator``.</doc>
<msg timestamp="20220302 11:49:02.582" level="INFO">Typing text 'Dan Brown Inferno' into text field 'xpath=//*[@id="search"]'.</msg>
<status status="PASS" starttime="20220302 11:49:02.581" endtime="20220302 11:49:02.706"/>
</kw>
<kw name="Click Button" library="SeleniumLibrary">
<arg>xpath=//*[@id="search_mini_form"]/div/div/button</arg>
<doc>Clicks the button identified by ``locator``.</doc>
<msg timestamp="20220302 11:49:02.707" level="INFO">Clicking button 'xpath=//*[@id="search_mini_form"]/div/div/button'.</msg>
<status status="PASS" starttime="20220302 11:49:02.707" endtime="20220302 11:49:05.286"/>
</kw>
<status status="PASS" starttime="20220302 11:49:02.581" endtime="20220302 11:49:05.286"/>
</kw>
<status status="PASS" starttime="20220302 11:49:00.033" endtime="20220302 11:49:05.286"/>
</kw>
<kw name="Add product to cart" library="SK">
<kw name="Verivy Search Product" library="Product">
<kw name="Wait Until Page Contains" library="SeleniumLibrary">
<arg>Sortuj wg</arg>
<doc>Waits until ``text`` appears on the current page.</doc>
<status status="PASS" starttime="20220302 11:49:05.287" endtime="20220302 11:49:05.304"/>
</kw>
<kw name="Execute Javascript" library="SeleniumLibrary">
<arg>window.scrollTo(0,200)</arg>
<doc>Executes the given JavaScript code with possible arguments.</doc>
<msg timestamp="20220302 11:49:05.304" level="INFO">Executing JavaScript:
window.scrollTo(0,200)
Without any arguments.</msg>
<status status="PASS" starttime="20220302 11:49:05.304" endtime="20220302 11:49:05.313"/>
</kw>
<status status="PASS" starttime="20220302 11:49:05.287" endtime="20220302 11:49:05.314"/>
</kw>
<kw name="Add Product to Cart" library="Product">
<kw name="Click Image" library="SeleniumLibrary">
<arg>xpath=//*[@id="product-item-info_723966"]/a/span/span/img</arg>
<doc>Clicks an image identified by ``locator``.</doc>
<msg timestamp="20220302 11:49:05.314" level="INFO">Clicking image 'xpath=//*[@id="product-item-info_723966"]/a/span/span/img'.</msg>
<status status="PASS" starttime="20220302 11:49:05.314" endtime="20220302 11:49:06.670"/>
</kw>
<kw name="Execute Javascript" library="SeleniumLibrary">
<arg>window.scrollTo(0,200)</arg>
<doc>Executes the given JavaScript code with possible arguments.</doc>
<msg timestamp="20220302 11:49:06.671" level="INFO">Executing JavaScript:
window.scrollTo(0,200)
Without any arguments.</msg>
<status status="PASS" starttime="20220302 11:49:06.671" endtime="20220302 11:49:06.678"/>
</kw>
<kw name="Click Button" library="SeleniumLibrary">
<arg>xpath=/html/body/div[2]/section/div/div[2]/button</arg>
<doc>Clicks the button identified by ``locator``.</doc>
<msg timestamp="20220302 11:49:06.678" level="INFO">Clicking button 'xpath=/html/body/div[2]/section/div/div[2]/button'.</msg>
<status status="PASS" starttime="20220302 11:49:06.678" endtime="20220302 11:49:06.826"/>
</kw>
<kw name="Sleep" library="BuiltIn">
<arg>3s</arg>
<doc>Pauses the test executed for the given time.</doc>
<msg timestamp="20220302 11:49:09.830" level="INFO">Slept 3 seconds</msg>
<status status="PASS" starttime="20220302 11:49:06.827" endtime="20220302 11:49:09.830"/>
</kw>
<kw name="Click Element" library="SeleniumLibrary">
<arg>xpath=//*[@id="product-addtocart-button"]/span</arg>
<doc>Click the element identified by ``locator``.</doc>
<msg timestamp="20220302 11:49:09.830" level="INFO">Clicking element 'xpath=//*[@id="product-addtocart-button"]/span'.</msg>
<status status="PASS" starttime="20220302 11:49:09.830" endtime="20220302 11:49:09.930"/>
</kw>
<kw name="Click Element" library="SeleniumLibrary">
<arg>xpath=/html/body/div[2]/header/div[2]/div[1]/div/div[3]/div/a</arg>
<doc>Click the element identified by ``locator``.</doc>
<msg timestamp="20220302 11:49:09.930" level="INFO">Clicking element 'xpath=/html/body/div[2]/header/div[2]/div[1]/div/div[3]/div/a'.</msg>
<status status="PASS" starttime="20220302 11:49:09.930" endtime="20220302 11:49:10.003"/>
</kw>
<kw name="Sleep" library="BuiltIn">
<arg>3s</arg>
<doc>Pauses the test executed for the given time.</doc>
<msg timestamp="20220302 11:49:13.006" level="INFO">Slept 3 seconds</msg>
<status status="PASS" starttime="20220302 11:49:10.003" endtime="20220302 11:49:13.006"/>
</kw>
<kw name="Wait Until Page Contains Element" library="SeleniumLibrary">
<arg>xpath=/html/body/div[2]/header/div[2]/div[1]/div/div[3]/div/a</arg>
<arg>timeout=3</arg>
<doc>Waits until the element ``locator`` appears on the current page.</doc>
<status status="PASS" starttime="20220302 11:49:13.006" endtime="20220302 11:49:13.013"/>
</kw>
<kw name="Click Link" library="SeleniumLibrary">
<arg>xpath=//*[@id="minicart-content-wrapper"]/div[3]/div[3]/div/a</arg>
<doc>Clicks a link identified by ``locator``.</doc>
<msg timestamp="20220302 11:49:13.014" level="INFO">Clicking link 'xpath=//*[@id="minicart-content-wrapper"]/div[3]/div[3]/div/a'.</msg>
<status status="PASS" starttime="20220302 11:49:13.013" endtime="20220302 11:49:15.517"/>
</kw>
<status status="PASS" starttime="20220302 11:49:05.314" endtime="20220302 11:49:15.517"/>
</kw>
<status status="PASS" starttime="20220302 11:49:05.287" endtime="20220302 11:49:15.517"/>
</kw>
<kw name="Go to Signin" library="SK">
<kw name="Verify Add Product" library="Cart">
<kw name="Wait Until Page Contains" library="SeleniumLibrary">
<arg>Podsumowanie koszyka</arg>
<doc>Waits until ``text`` appears on the current page.</doc>
<status status="PASS" starttime="20220302 11:49:15.518" endtime="20220302 11:49:15.581"/>
</kw>
<status status="PASS" starttime="20220302 11:49:15.518" endtime="20220302 11:49:15.582"/>
</kw>
<kw name="Go to Cart" library="Cart">
<kw name="Click Button" library="SeleniumLibrary">
<arg>xpath=//*[@id="maincontent"]/div[2]/div/div[3]/div[2]/ul/li/button</arg>
<doc>Clicks the button identified by ``locator``.</doc>
<msg timestamp="20220302 11:49:15.582" level="INFO">Clicking button 'xpath=//*[@id="maincontent"]/div[2]/div/div[3]/div[2]/ul/li/button'.</msg>
<status status="PASS" starttime="20220302 11:49:15.582" endtime="20220302 11:49:19.097"/>
</kw>
<status status="PASS" starttime="20220302 11:49:15.582" endtime="20220302 11:49:19.097"/>
</kw>
<status status="PASS" starttime="20220302 11:49:15.517" endtime="20220302 11:49:19.097"/>
</kw>
<kw name="End Web Test" library="Common" type="TEARDOWN">
<kw name="Close Browser" library="SeleniumLibrary">
<doc>Closes the current browser.</doc>
<status status="PASS" starttime="20220302 11:49:19.098" endtime="20220302 11:49:21.389"/>
</kw>
<status status="PASS" starttime="20220302 11:49:19.098" endtime="20220302 11:49:21.390"/>
</kw>
<doc>Buy book</doc>
<tag>Smoke</tag>
<status status="PASS" starttime="20220302 11:48:58.470" endtime="20220302 11:49:21.391"/>
</test>
<doc>Search and buy book</doc>
<status status="PASS" starttime="20220302 11:48:58.262" endtime="20220302 11:49:21.395"/>
</suite>
<statistics>
<total>
<stat pass="1" fail="0" skip="0">All Tests</stat>
</total>
<tag>
<stat pass="1" fail="0" skip="0">Smoke</stat>
</tag>
<suite>
<stat pass="1" fail="0" skip="0" id="s1" name="Swiatksiazki">Swiatksiazki</stat>
</suite>
</statistics>
<errors>
</errors>
</robot>
